PLUMED: PLUMED is starting
PLUMED: Version: 2.8.0-dev (git: 8a7111781-dirty) compiled on Jan 25 2021 at 15:03:54
PLUMED: Please cite these papers when using PLUMED [1][2]
PLUMED: For further information see the PLUMED web page at http://www.plumed.org
PLUMED: Root: /export/home/kbal/plumed2/
PLUMED: For installed feature, see /export/home/kbal/plumed2//src/config/config.txt
PLUMED: Molecular dynamics engine: cp2k
PLUMED: Precision of reals: 8
PLUMED: Running over 1 node
PLUMED: Number of threads: 1
PLUMED: Cache line size: 512
PLUMED: Number of atoms: 6
PLUMED: File suffix: 
PLUMED: FILE: ./plumed.inp
PLUMED: Action UNITS
PLUMED:   with label @0
PLUMED:   length: A = 0.1 nm
PLUMED:   energy: kj/mol
PLUMED:   time: ps
PLUMED:   charge: e
PLUMED:   mass: amu
PLUMED:   using physical units
PLUMED:   inside PLUMED, Boltzmann constant is 0.00831446
PLUMED: Action DISTANCE
PLUMED:   with label d1
PLUMED:   between atoms 1 2
PLUMED:   using periodic boundary conditions
PLUMED: Action DISTANCE
PLUMED:   with label d2
PLUMED:   between atoms 2 6
PLUMED:   using periodic boundary conditions
PLUMED: Action UPPER_WALLS
PLUMED:   with label constrain
PLUMED:   with arguments d1 d2
PLUMED:   added component to this action:  constrain.bias 
PLUMED:   at 5.000000 5.000000
PLUMED:   with an offset 0.000000 0.000000
PLUMED:   with force constant 100.000000 100.000000
PLUMED:   and exponent 2.000000 2.000000
PLUMED:   rescaled 1.000000 1.000000
PLUMED:   added component to this action:  constrain.force2 
PLUMED: Action HISTOGRAM
PLUMED:   with label hh
PLUMED:   with stride 1
PLUMED:   with arguments d1 d2
PLUMED:   weights are all equal to one
PLUMED:   grid of 401 X 401 equally spaced points between (1.0,1.0) and (5.0,5.0)
PLUMED: Action CONVERT_TO_FES
PLUMED:   with label ff
PLUMED:   using 0th component of grid calculated by action hh 
PLUMED:   grid of 401 X 401 equally spaced points between (1.0,1.0) and (5.0,5.0)
PLUMED: Action DUMPGRID
PLUMED:   with label @6
PLUMED:   with stride 200000
PLUMED:   outputting grid calculated by action hh to file named histo with format %f 
PLUMED:   outputting data for replicas 0 Action FLUSH
PLUMED:   with label @7
PLUMED:   with stride 2000
PLUMED: Action PRINT
PLUMED:   with label @8
PLUMED:   with stride 200
PLUMED:   with arguments d1 d2
PLUMED:   on file colvar
PLUMED:   with format  %f
PLUMED: END FILE: ./plumed.inp
PLUMED: Timestep: 0.000500
PLUMED: KbT has not been set by the MD engine
PLUMED: It should be set by hand where needed
PLUMED: Relevant bibliography:
PLUMED:   [1] The PLUMED consortium, Nat. Methods 16, 670 (2019)
PLUMED:   [2] Tribello, Bonomi, Branduardi, Camilloni, and Bussi, Comput. Phys. Commun. 185, 604 (2014)
PLUMED: Please read and cite where appropriate!
PLUMED: Finished setup
PLUMED:                                               Cycles        Total      Average      Minimum      Maximum
PLUMED:                                                    1  1648.606470  1648.606470  1648.606470  1648.606470
PLUMED: 1 Prepare dependencies                        400000     0.528289     0.000001     0.000000     0.000023
PLUMED: 2 Sharing data                                400000     0.460428     0.000001     0.000000     0.000025
PLUMED: 3 Waiting for data                            200000     0.087115     0.000000     0.000000     0.000013
PLUMED: 4 Calculating (forward loop)                  200000     1.919279     0.000010     0.000007     0.000048
PLUMED: 5 Applying (backward loop)                    200000     0.861101     0.000004     0.000003     0.000026
PLUMED: 6 Update                                      200000  1642.765529     0.008214     0.007688     0.484354
